#-----------------------------------------------------------
# Vivado v2018.2 (64-bit)
# SW Build 2258646 on Thu Jun 14 20:03:12 MDT 2018
# IP Build 2256618 on Thu Jun 14 22:10:49 MDT 2018
# Start of session at: Mon Nov  5 00:06:58 2018
# Process ID: 11684
# Current directory: C:/Users/Junaid/MIPS_CPU
# Command line: vivado.exe -gui_launcher_event rodinguilauncherevent7472 C:\Users\Junaid\MIPS_CPU\MIPS_CPU.xpr
# Log file: C:/Users/Junaid/MIPS_CPU/vivado.log
# Journal file: C:/Users/Junaid/MIPS_CPU\vivado.jou
#-----------------------------------------------------------
start_gui
open_project C:/Users/Junaid/MIPS_CPU/MIPS_CPU.xpr
Scanning sources...
Finished scanning sources
INFO: [IP_Flow 19-234] Refreshing IP repositories
INFO: [IP_Flow 19-1704] No user IP repositories specified
INFO: [IP_Flow 19-2313] Loaded Vivado IP repository 'C:/Xilinx/Vivado/2018.2/data/ip'.
open_project: Time (s): cpu = 00:00:17 ; elapsed = 00:00:09 . Memory (MB): peak = 768.152 ; gain = 63.176
update_compile_order -fileset sources_1
export_ip_user_files -of_objects  [get_files C:/Users/Junaid/CMPEN331LAB1/CMPEN331LAB1.srcs/sources_1/new/Testbench.v] -no_script -reset -force -quiet
remove_files  C:/Users/Junaid/CMPEN331LAB1/CMPEN331LAB1.srcs/sources_1/new/Testbench.v
export_ip_user_files -of_objects  [get_files C:/Users/Junaid/CMPEN331LAB1/CMPEN331LAB1.srcs/sources_1/new/Clock.v] -no_script -reset -force -quiet
remove_files  C:/Users/Junaid/CMPEN331LAB1/CMPEN331LAB1.srcs/sources_1/new/Clock.v
add_files -norecurse {C:/Users/Junaid/MIPS_CPU/MIPS_CPU.srcs/sources_1/new/Testbench.v C:/Users/Junaid/MIPS_CPU/MIPS_CPU.srcs/sources_1/new/Clock.v}
update_compile_order -fileset sources_1
launch_runs synth_1 -jobs 2
[Mon Nov  5 00:30:49 2018] Launched synth_1...
Run output will be captured here: C:/Users/Junaid/MIPS_CPU/MIPS_CPU.runs/synth_1/runme.log
exit
INFO: [Common 17-206] Exiting Vivado at Mon Nov  5 00:52:30 2018...
