#-----------------------------------------------------------
# Vivado v2018.2 (64-bit)
# SW Build 2258646 on Thu Jun 14 20:03:12 MDT 2018
# IP Build 2256618 on Thu Jun 14 22:10:49 MDT 2018
# Start of session at: Mon Nov  5 00:04:49 2018
# Process ID: 11400
# Current directory: C:/Users/Junaid/MIPS_CPU
# Command line: vivado.exe -gui_launcher_event rodinguilauncherevent7056 C:\Users\Junaid\MIPS_CPU\MIPS_CPU.xpr
# Log file: C:/Users/Junaid/MIPS_CPU/vivado.log
# Journal file: C:/Users/Junaid/MIPS_CPU\vivado.jou
#-----------------------------------------------------------
start_gui
open_project C:/Users/Junaid/MIPS_CPU/MIPS_CPU.xpr
Scanning sources...
Finished scanning sources
INFO: [IP_Flow 19-234] Refreshing IP repositories
INFO: [IP_Flow 19-1704] No user IP repositories specified
INFO: [Common 17-41] Interrupt caught. Command should exit soon.
INFO: [IP_Flow 19-2313] Loaded Vivado IP repository 'C:/Xilinx/Vivado/2018.2/data/ip'.
INFO: [IP_Flow 19-2338] Canceling the changes to the IP catalog. Reverting the catalog back to its previous state.
INFO: [IP_Flow 19-2340] The IP catalog has been returned to its previous state.
INFO: [Common 17-344] 'open_project' was cancelled
exit
INFO: [Common 17-206] Exiting Vivado at Mon Nov  5 00:05:34 2018...
